f:\opengl\pract\gl\debug\gl.ilk
f:\opengl\pract\gl\debug\gl.exe
f:\opengl\pract\gl\debug\gl.pdb
f:\opengl\pract\gl\gl\debug\gl.pch
f:\opengl\pract\gl\gl\debug\vc120.pdb
f:\opengl\pract\gl\gl\debug\vc120.idb
f:\opengl\pract\gl\gl\debug\stdafx.obj
f:\opengl\pract\gl\gl\debug\cube.obj
f:\opengl\pract\gl\gl\debug\icosahedron.obj
f:\opengl\pract\gl\gl\debug\pilot3d.obj
f:\opengl\pract\gl\gl\debug\solar.obj
f:\opengl\pract\gl\gl\debug\sphere.obj
f:\opengl\pract\gl\gl\debug\testcolor.obj
f:\opengl\pract\gl\gl\debug\text1d.obj
f:\opengl\pract\gl\gl\debug\wheel3d.obj
f:\opengl\pract\gl\gl\debug\linestipple.obj
f:\opengl\pract\gl\gl\debug\points.obj
f:\opengl\pract\gl\gl\debug\polystipple.obj
f:\opengl\pract\gl\gl\debug\scissors.obj
f:\opengl\pract\gl\gl\debug\star.obj
f:\opengl\pract\gl\gl\debug\gl.tlog\cl.command.1.tlog
f:\opengl\pract\gl\gl\debug\gl.tlog\link.command.1.tlog
f:\opengl\pract\gl\gl\debug\gl.tlog\cl.read.1.tlog
f:\opengl\pract\gl\gl\debug\gl.tlog\link.read.1.tlog
f:\opengl\pract\gl\gl\debug\gl.tlog\link.write.1.tlog
f:\opengl\pract\gl\gl\debug\gl.tlog\cl.write.1.tlog
