Сборка начата 18.01.2017 16:01:40.
     1>Проект "D:\OpenGL\pract\GL\GL\GL.vcxproj" в узле 2 (целевые объекты Build).
     1>ClCompile:
         C:\Program Files (x86)\Microsoft Visual Studio 12.0\VC\bin\CL.exe /c /ZI /nologo /W3 /WX- /Od /Oy- /D WIN32 /D _DEBUG /D _CONSOLE /D _LIB /D _MBCS /Gm /EHsc /RTC1 /MDd /GS /fp:precise /Zc:wchar_t /Zc:forScope /Yu"stdafx.h" /Fp"Debug\GL.pch" /Fo"Debug\\" /Fd"Debug\vc120.pdb" /Gd /TP /analyze- /errorReport:prompt TexCube.cpp
         TexCube.cpp
     1>d:\opengl\pract\gl\gl\texcube.cpp(78): warning C4996: 'vsprintf': This function or variable may be unsafe. Consider using vsprintf_s instead. To disable deprecation, use _CRT_SECURE_NO_WARNINGS. See online help for details.
                 c:\program files (x86)\microsoft visual studio 12.0\vc\include\stdio.h(356): см. объявление "vsprintf"
       Link:
         C:\Program Files (x86)\Microsoft Visual Studio 12.0\VC\bin\link.exe /ERRORREPORT:PROMPT /OUT:"D:\OpenGL\pract\GL\Debug\GL.exe" /INCREMENTAL /NOLOGO kernel32.lib user32.lib gdi32.lib winspool.lib comdlg32.lib advapi32.lib shell32.lib ole32.lib oleaut32.lib uuid.lib odbc32.lib odbccp32.lib /MANIFEST /MANIFESTUAC:"level='asInvoker' uiAccess='false'" /manifest:embed /DEBUG /PDB:"D:\OpenGL\pract\GL\Debug\GL.pdb" /SUBSYSTEM:CONSOLE /TLBID:1 /DYNAMICBASE /NXCOMPAT /IMPLIB:"D:\OpenGL\pract\GL\Debug\GL.lib" /MACHINE:X86 Debug\Cube.obj
         Debug\Icosahedron.obj
         Debug\Pilot3D.obj
         Debug\Solar.obj
         Debug\stdafx.obj
         Debug\testcolor.obj
         Debug\TexCube.obj
         Debug\Text1D.obj
         Debug\Wheel3D.obj
         Debug\Sphere.obj
         GL.vcxproj -> D:\OpenGL\pract\GL\Debug\GL.exe
     1>Сборка проекта "D:\OpenGL\pract\GL\GL\GL.vcxproj" завершена (целевые объекты Build).

Сборка успешно завершена.

Затраченное время: 00:00:01.42
